[     119ms] [INFO] %cDownload the React DevTools for a better development experience: https://react.dev/link/react-devtools font-weight:bold @ http://localhost:3000/_next/static/chunks/11y7_next_dist_0bi0ewc._.js:2431
[     132ms] [LOG] [HMR] connected @ http://localhost:3000/_next/static/chunks/11y7_next_dist_0bi0ewc._.js:2431
[     188ms] [WARNING] Image with src "/icon/logo-removebg.png" has either width or height modified, but not the other. If you use CSS to change the size of your image, also include the styles 'width: "auto"' or 'height: "auto"' to maintain the aspect ratio. @ http://localhost:3000/_next/static/chunks/11y7_next_dist_0bi0ewc._.js:2431
[   54333ms] [LOG] [Fast Refresh] rebuilding @ http://localhost:3000/_next/static/chunks/11y7_next_dist_0bi0ewc._.js:2431
[   54377ms] [LOG] [Fast Refresh] done in 25ms @ http://localhost:3000/_next/static/chunks/11y7_next_dist_0bi0ewc._.js:2431
[  159543ms] [LOG] [Fast Refresh] rebuilding @ http://localhost:3000/_next/static/chunks/11y7_next_dist_0bi0ewc._.js:2431
[  159588ms] [LOG] [Fast Refresh] done in 29ms @ http://localhost:3000/_next/static/chunks/11y7_next_dist_0bi0ewc._.js:2431
[  160779ms] [LOG] [Fast Refresh] rebuilding @ http://localhost:3000/_next/static/chunks/11y7_next_dist_0bi0ewc._.js:2431
[  160829ms] [LOG] [Fast Refresh] done in 32ms @ http://localhost:3000/_next/static/chunks/11y7_next_dist_0bi0ewc._.js:2431
[  167658ms] [LOG] [Fast Refresh] rebuilding @ http://localhost:3000/_next/static/chunks/11y7_next_dist_0bi0ewc._.js:2431
[  167707ms] [LOG] [Fast Refresh] done in 93ms @ http://localhost:3000/_next/static/chunks/11y7_next_dist_0bi0ewc._.js:2431
[  219306ms] [LOG] [Fast Refresh] rebuilding @ http://localhost:3000/_next/static/chunks/11y7_next_dist_0bi0ewc._.js:2431
[  219374ms] [LOG] [Fast Refresh] done in 29ms @ http://localhost:3000/_next/static/chunks/11y7_next_dist_0bi0ewc._.js:2431
[  220315ms] [LOG] [Fast Refresh] rebuilding @ http://localhost:3000/_next/static/chunks/11y7_next_dist_0bi0ewc._.js:2431
[  220432ms] [LOG] [Fast Refresh] done in 26ms @ http://localhost:3000/_next/static/chunks/11y7_next_dist_0bi0ewc._.js:2431
[  227011ms] [LOG] [Fast Refresh] rebuilding @ http://localhost:3000/_next/static/chunks/11y7_next_dist_0bi0ewc._.js:2431
[  227064ms] [LOG] [Fast Refresh] done in 30ms @ http://localhost:3000/_next/static/chunks/11y7_next_dist_0bi0ewc._.js:2431
[  234981ms] [LOG] [Fast Refresh] rebuilding @ http://localhost:3000/_next/static/chunks/11y7_next_dist_0bi0ewc._.js:2431
[  235140ms] [LOG] [Fast Refresh] done in 28ms @ http://localhost:3000/_next/static/chunks/11y7_next_dist_0bi0ewc._.js:2431
[  319755ms] [LOG] [Fast Refresh] rebuilding @ http://localhost:3000/_next/static/chunks/11y7_next_dist_0bi0ewc._.js:2431
[  319841ms] [LOG] [Fast Refresh] done in 187ms @ http://localhost:3000/_next/static/chunks/11y7_next_dist_0bi0ewc._.js:2431
[  329686ms] [LOG] [Fast Refresh] rebuilding @ http://localhost:3000/_next/static/chunks/11y7_next_dist_0bi0ewc._.js:2431
[  329729ms] [LOG] [Fast Refresh] done in 27ms @ http://localhost:3000/_next/static/chunks/11y7_next_dist_0bi0ewc._.js:2431
[  330810ms] [LOG] [Fast Refresh] rebuilding @ http://localhost:3000/_next/static/chunks/11y7_next_dist_0bi0ewc._.js:2431
[  330847ms] [LOG] [Fast Refresh] done in 25ms @ http://localhost:3000/_next/static/chunks/11y7_next_dist_0bi0ewc._.js:2431
[  338262ms] [LOG] [Fast Refresh] rebuilding @ http://localhost:3000/_next/static/chunks/11y7_next_dist_0bi0ewc._.js:2431
[  338417ms] [LOG] [Fast Refresh] done in 22ms @ http://localhost:3000/_next/static/chunks/11y7_next_dist_0bi0ewc._.js:2431
